[debug] > Exec(early(addDefaultCommands), None, None)
[debug] > Exec(addDefaultCommands, None, None)
[debug] > Exec(early(initialize), None, None)
[debug] > Exec(initialize, None, None)
[debug] > Exec(early(addPluginSbtFile="""C:\Users\santy\AppData\Local\Temp\idea.sbt"""), None, None)
[debug] > Exec(addPluginSbtFile="""C:\Users\santy\AppData\Local\Temp\idea.sbt""", None, None)
[debug] > Exec(boot, None, None)
[debug] > Exec(writeSbtVersion, None, None)
[debug] > Exec(reload, None, None)
[debug] > Exec(sbtStashOnFailure, None, None)
[debug] > Exec(onFailure loadFailed, None, None)
[debug] > Exec(loadp, None, None)
[info] welcome to sbt 1.8.3 (Oracle Corporation Java 19)
[debug]       Load.loadUnit: plugins took 138.7751ms
[debug]       Load.loadUnit: defsScala took 0.2457ms
[debug] [Loading] Scanning directory C:\Users\santy\.sbt\1.0\plugins
[debug] [Loading] Found non-root projects 
[debug] [Loading] Done in C:\Users\santy\.sbt\1.0\plugins, returning: ()
[debug] deducing auto plugins based on known facts Set(Atom(sbt.plugins.CorePlugin)) and clauses Clauses(Clause(Atom(sbt.plugins.JvmPlugin),Set(Atom(sbt.plugins.IvyPlugin)))
[debug] Clause(Atom(sbt.ScriptedPlugin),Set(Atom(sbt.plugins.JvmPlugin)))
[debug] Clause(Atom(sbt.plugins.SbtPlugin),Set(Atom(sbt.ScriptedPlugin)))
[debug] Clause(Atom(sbt.plugins.SemanticdbPlugin),Set(Atom(sbt.plugins.JvmPlugin)))
[debug] Clause(Atom(sbt.plugins.JUnitXmlReportPlugin),Set(Atom(sbt.plugins.JvmPlugin)))
[debug] Clause(Atom(sbt.plugins.MiniDependencyTreePlugin),Set(Atom(sbt.plugins.JvmPlugin)))
[debug] Clause(Atom(sbt.plugins.CorePlugin),Set(Atom(sbt.plugins.IvyPlugin)))
[debug] Clause(Atom(sbt.plugins.IvyPlugin),Set(Atom(sbt.plugins.JvmPlugin)))
[debug] Clause(Atom(sbt.plugins.JvmPlugin),Set(Atom(sbt.plugins.SemanticdbPlugin)))
[debug] Clause(Atom(sbt.plugins.JvmPlugin),Set(Atom(sbt.plugins.JUnitXmlReportPlugin)))
[debug] Clause(Atom(sbt.plugins.CorePlugin),Set(Atom(sbt.plugins.Giter8TemplatePlugin)))
[debug] Clause(Atom(sbt.plugins.JvmPlugin),Set(Atom(sbt.plugins.MiniDependencyTreePlugin))))
[debug]   :: deduced result: Matched(sbt.plugins.CorePlugin,sbt.plugins.Giter8TemplatePlugin,sbt.plugins.IvyPlugin,sbt.plugins.JvmPlugin,sbt.plugins.MiniDependencyTreePlugin,sbt.plugins.JUnitXmlReportPlugin,sbt.plugins.SemanticdbPlugin)
[debug] Plugins.deducer#function took 18.8297 ms
[debug]           Load.resolveProject(global-plugins) took 40.6452ms
[debug]         Load.loadTransitive: finalizeProject(Project(id global-plugins, base: C:\Users\santy\.sbt\1.0\plugins, plugins: List(<none>))) took 78.628ms
[debug] [Loading] Done in C:\Users\santy\.sbt\1.0\plugins, returning: (global-plugins)
[debug]       Load.loadUnit: loadedProjectsRaw took 105.1359ms
[debug]       Load.loadUnit: cleanEvalClasses took 1.3853ms
[debug]     Load.loadUnit(file:/C:/Users/santy/.sbt/1.0/plugins/, ...) took 256.5992ms
[debug]   Load.apply: load took 404.0441ms
[debug]   Load.apply: resolveProjects took 4.5209ms
[debug]   Load.apply: finalTransforms took 43.1094ms
[debug]   Load.apply: config.delegates took 7.7395ms
[debug]   Load.apply: Def.make(settings)... took 286.8361ms
[debug]   Load.apply: structureIndex took 73.4971ms
[debug]   Load.apply: mkStreams took 2.7088ms
[info] loading global plugins from C:\Users\santy\.sbt\1.0\plugins
[debug] Running task... Cancel: Signal, check cycles: false, forcegc: true
[debug] Load.defaultLoad until apply took 1739.0949ms
[debug]           Load.loadUnit: plugins took 26.9031ms
[debug]           Load.loadUnit: defsScala took 0.0037ms
[debug] [Loading] Scanning directory C:\Univalle\4to semestre\Funcional\Talleres\Concurrente\Taller 5\Taller 5\project
[debug]             Load.loadUnit: mkEval took 3.7629ms
[debug] [Loading] Found non-root projects 
[debug] [Loading] Done in C:\Univalle\4to semestre\Funcional\Talleres\Concurrente\Taller 5\Taller 5\project, returning: ()
[debug] deducing auto plugins based on known facts Set(Atom(sbt.plugins.CorePlugin)) and clauses Clauses(Clause(Atom(sbt.plugins.JvmPlugin),Set(Atom(sbt.plugins.IvyPlugin)))
[debug] Clause(Atom(sbt.ScriptedPlugin),Set(Atom(sbt.plugins.JvmPlugin)))
[debug] Clause(Atom(sbt.plugins.SbtPlugin),Set(Atom(sbt.ScriptedPlugin)))
[debug] Clause(Atom(sbt.plugins.SemanticdbPlugin),Set(Atom(sbt.plugins.JvmPlugin)))
[debug] Clause(Atom(sbt.plugins.JUnitXmlReportPlugin),Set(Atom(sbt.plugins.JvmPlugin)))
[debug] Clause(Atom(sbt.plugins.MiniDependencyTreePlugin),Set(Atom(sbt.plugins.JvmPlugin)))
[debug] Clause(Atom(sbt.plugins.CorePlugin),Set(Atom(sbt.plugins.IvyPlugin)))
[debug] Clause(Atom(sbt.plugins.IvyPlugin),Set(Atom(sbt.plugins.JvmPlugin)))
[debug] Clause(Atom(sbt.plugins.JvmPlugin),Set(Atom(sbt.plugins.SemanticdbPlugin)))
[debug] Clause(Atom(sbt.plugins.JvmPlugin),Set(Atom(sbt.plugins.JUnitXmlReportPlugin)))
[debug] Clause(Atom(sbt.plugins.CorePlugin),Set(Atom(sbt.plugins.Giter8TemplatePlugin)))
[debug] Clause(Atom(sbt.plugins.JvmPlugin),Set(Atom(sbt.plugins.MiniDependencyTreePlugin))))
[debug]   :: deduced result: Matched(sbt.plugins.CorePlugin,sbt.plugins.Giter8TemplatePlugin,sbt.plugins.IvyPlugin,sbt.plugins.JvmPlugin,sbt.plugins.MiniDependencyTreePlugin,sbt.plugins.JUnitXmlReportPlugin,sbt.plugins.SemanticdbPlugin)
[debug] Plugins.deducer#function took 1.4073 ms
[info] loading settings for project taller-5-build from idea.sbt ...
[debug]               Load.resolveProject(taller-5-build) took 2.7069ms
[debug]             Load.loadTransitive: finalizeProject(Project(id taller-5-build, base: C:\Univalle\4to semestre\Funcional\Talleres\Concurrente\Taller 5\Taller 5\project, plugins: List(<none>))) took 4.5689ms
[debug] [Loading] Done in C:\Univalle\4to semestre\Funcional\Talleres\Concurrente\Taller 5\Taller 5\project, returning: (taller-5-build)
[debug]           Load.loadUnit: loadedProjectsRaw took 100.0336ms
[debug]           Load.loadUnit: cleanEvalClasses took 5.3808ms
[debug]         Load.loadUnit(file:/C:/Univalle/4to%20semestre/Funcional/Talleres/Concurrente/Taller%205/Taller%205/project/, ...) took 133.2094ms
[debug]       Load.apply: load took 134.5875ms
[debug]       Load.apply: resolveProjects took 0.0827ms
[debug]       Load.apply: finalTransforms took 7.8008ms
[debug]       Load.apply: config.delegates took 0.3805ms
[debug]       Load.apply: Def.make(settings)... took 50.0861ms
[debug]       Load.apply: structureIndex took 24.6646ms
[debug]       Load.apply: mkStreams took 0.0032ms
[info] loading project definition from C:\Univalle\4to semestre\Funcional\Talleres\Concurrente\Taller 5\Taller 5\project
[debug] Running task... Cancel: Signal, check cycles: false, forcegc: true
[warn] Unrecognized repository Scala Plugin Bundled Repository, ignoring it
[warn] Unrecognized repository Scala Plugin Bundled Repository, ignoring it
[debug]     Load.loadUnit: plugins took 3858.8076ms
[debug]     Load.loadUnit: defsScala took 0.0031ms
[debug] [Loading] Scanning directory C:\Univalle\4to semestre\Funcional\Talleres\Concurrente\Taller 5\Taller 5
[debug]       Load.loadUnit: mkEval took 0.2816ms
[debug] [Loading] Found root project root w/ remaining 
[debug] deducing auto plugins based on known facts Set(Atom(sbt.plugins.CorePlugin)) and clauses Clauses(Clause(Atom(sbt.plugins.JvmPlugin),Set(Atom(sbt.plugins.IvyPlugin)))
[debug] Clause(Atom(sbt.ScriptedPlugin),Set(Atom(sbt.plugins.JvmPlugin)))
[debug] Clause(Atom(sbt.plugins.SbtPlugin),Set(Atom(sbt.ScriptedPlugin)))
[debug] Clause(Atom(sbt.plugins.SemanticdbPlugin),Set(Atom(sbt.plugins.JvmPlugin)))
[debug] Clause(Atom(sbt.plugins.JUnitXmlReportPlugin),Set(Atom(sbt.plugins.JvmPlugin)))
[debug] Clause(Atom(sbt.plugins.MiniDependencyTreePlugin),Set(Atom(sbt.plugins.JvmPlugin)))
[debug] Clause(Atom(org.jetbrains.sbt.StructurePlugin),Set(Atom(sbt.plugins.JvmPlugin)))
[debug] Clause(Atom(org.jetbrains.sbt.IdeaShellPlugin),Set(Atom(sbt.plugins.JvmPlugin)))
[debug] Clause(Atom(org.jetbrains.sbt.indices.SbtIntellijIndicesPlugin),Set(Atom(sbt.plugins.JvmPlugin)))
[debug] Clause(Atom(sbt.plugins.CorePlugin),Set(Atom(sbt.plugins.IvyPlugin)))
[debug] Clause(Atom(sbt.plugins.IvyPlugin),Set(Atom(sbt.plugins.JvmPlugin)))
[debug] Clause(Atom(sbt.plugins.JvmPlugin),Set(Atom(sbt.plugins.SemanticdbPlugin)))
[debug] Clause(Atom(sbt.plugins.JvmPlugin),Set(Atom(sbt.plugins.JUnitXmlReportPlugin)))
[debug] Clause(Atom(sbt.plugins.CorePlugin),Set(Atom(sbt.plugins.Giter8TemplatePlugin)))
[debug] Clause(Atom(sbt.plugins.JvmPlugin),Set(Atom(sbt.plugins.MiniDependencyTreePlugin)))
[debug] Clause(Atom(sbt.plugins.JvmPlugin),Set(Atom(org.jetbrains.sbt.StructurePlugin)))
[debug] Clause(Atom(sbt.plugins.JvmPlugin),Set(Atom(org.jetbrains.sbt.IdeaShellPlugin)))
[debug] Clause(And(Set(Atom(sbt.plugins.CorePlugin), Atom(sbt.plugins.JvmPlugin))),Set(Atom(org.jetbrains.sbt.indices.SbtIntellijIndicesPlugin))))
[debug]   :: deduced result: Matched(sbt.plugins.CorePlugin,sbt.plugins.Giter8TemplatePlugin,sbt.plugins.IvyPlugin,sbt.plugins.JvmPlugin,sbt.plugins.SemanticdbPlugin,org.jetbrains.sbt.indices.SbtIntellijIndicesPlugin,sbt.plugins.JUnitXmlReportPlugin,org.jetbrains.sbt.IdeaShellPlugin,org.jetbrains.sbt.StructurePlugin,sbt.plugins.MiniDependencyTreePlugin)
[debug] Plugins.deducer#function took 2.073 ms
[info] loading settings for project root from build.sbt ...
[debug]         Load.resolveProject(root) took 26.2807ms
[debug]       Load.loadTransitive: finalizeProject(Project(id root, base: C:\Univalle\4to semestre\Funcional\Talleres\Concurrente\Taller 5\Taller 5, plugins: List(<none>))) took 29.8969ms
[debug] [Loading] Done in C:\Univalle\4to semestre\Funcional\Talleres\Concurrente\Taller 5\Taller 5, returning: (root)
[debug]     Load.loadUnit: loadedProjectsRaw took 2453.2433ms
[debug]     Load.loadUnit: cleanEvalClasses took 36.476ms
[debug]   Load.loadUnit(file:/C:/Univalle/4to%20semestre/Funcional/Talleres/Concurrente/Taller%205/Taller%205/, ...) took 6349.5013ms
[debug] Load.apply: load took 6351.1615ms
[debug] Load.apply: resolveProjects took 0.1253ms
[debug] Load.apply: finalTransforms took 17.1335ms
[debug] Load.apply: config.delegates took 0.2441ms
[debug] Load.apply: Def.make(settings)... took 43.3728ms
[debug] Load.apply: structureIndex took 18.3206ms
[debug] Load.apply: mkStreams took 0.0032ms
[info] set current project to Taller 5 (in build file:/C:/Univalle/4to%20semestre/Funcional/Talleres/Concurrente/Taller%205/Taller%205/)
[debug] > Exec(sbtPopOnFailure, None, None)
[debug] > Exec(resumeFromFailure, None, None)
[debug] > Exec(notifyUsersAboutShell, None, None)
[debug] > Exec(iflast shell, None, None)
[debug] > Exec(; set ideaPort in Global := 62210 ; idea-shell, None, None)
[debug] > Exec(set ideaPort in Global := 62210, None, None)
